17:07:38 **** Incremental Build of configuration Debug for project Fork_Node ****
make -j8 all 
arm-none-eabi-gcc "C:/Users/crmar/STM32Cube/Repository/STM32Cube_FW_F1_V1.8.4/Drivers/STM32F1xx_HAL_Driver/Src/stm32f1xx_hal.c" -mcpu=cortex-m3 -std=gnu11 -g3 -DDEBUG -DUSE_HAL_DRIVER -DSTM32F103xB -c -I../Core/Inc -IC:/Users/Kunal/STM32Cube/Repository/STM32Cube_FW_F1_V1.8.4/Drivers/STM32F1xx_HAL_Driver/Inc -IC:/Users/Kunal/STM32Cube/Repository/STM32Cube_FW_F1_V1.8.4/Drivers/STM32F1xx_HAL_Driver/Inc/Legacy -IC:/Users/Kunal/STM32Cube/Repository/STM32Cube_FW_F1_V1.8.4/Drivers/CMSIS/Device/ST/STM32F1xx/Include -IC:/Users/Kunal/STM32Cube/Repository/STM32Cube_FW_F1_V1.8.4/Drivers/CMSIS/Include -I"C:/Users/crmar/Accio_Fork/Accio_Fork_CAN_Node/Firmware/Core/CAN" -I"C:/Users/crmar/Accio_Fork/Accio_Fork_CAN_Node/Firmware/Core/Console" -I"C:/Users/crmar/Accio_Fork/Accio_Fork_CAN_Node/Firmware/Core/GPIO" -I"C:/Users/crmar/Accio_Fork/Accio_Fork_CAN_Node/Firmware/Core/TRX_Protocol" -O0 -ffunction-sections -fdata-sections -Wall -fstack-usage -MMD -MP -MF"Drivers/STM32F1xx_HAL_Driver/stm32f1xx_hal.d" -MT"Drivers/STM32F1xx_HAL_Driver/stm32f1xx_hal.o" --specs=nano.specs -mfloat-abi=soft -mthumb -o "Drivers/STM32F1xx_HAL_Driver/stm32f1xx_hal.o"
arm-none-eabi-gcc "C:/Users/crmar/STM32Cube/Repository/STM32Cube_FW_F1_V1.8.4/Drivers/STM32F1xx_HAL_Driver/Src/stm32f1xx_hal_cortex.c" -mcpu=cortex-m3 -std=gnu11 -g3 -DDEBUG -DUSE_HAL_DRIVER -DSTM32F103xB -c -I../Core/Inc -IC:/Users/Kunal/STM32Cube/Repository/STM32Cube_FW_F1_V1.8.4/Drivers/STM32F1xx_HAL_Driver/Inc -IC:/Users/Kunal/STM32Cube/Repository/STM32Cube_FW_F1_V1.8.4/Drivers/STM32F1xx_HAL_Driver/Inc/Legacy -IC:/Users/Kunal/STM32Cube/Repository/STM32Cube_FW_F1_V1.8.4/Drivers/CMSIS/Device/ST/STM32F1xx/Include -IC:/Users/Kunal/STM32Cube/Repository/STM32Cube_FW_F1_V1.8.4/Drivers/CMSIS/Include -I"C:/Users/crmar/Accio_Fork/Accio_Fork_CAN_Node/Firmware/Core/CAN" -I"C:/Users/crmar/Accio_Fork/Accio_Fork_CAN_Node/Firmware/Core/Console" -I"C:/Users/crmar/Accio_Fork/Accio_Fork_CAN_Node/Firmware/Core/GPIO" -I"C:/Users/crmar/Accio_Fork/Accio_Fork_CAN_Node/Firmware/Core/TRX_Protocol" -O0 -ffunction-sections -fdata-sections -Wall -fstack-usage -MMD -MP -MF"Drivers/STM32F1xx_HAL_Driver/stm32f1xx_hal_cortex.d" -MT"Drivers/STM32F1xx_HAL_Driver/stm32f1xx_hal_cortex.o" --specs=nano.specs -mfloat-abi=soft -mthumb -o "Drivers/STM32F1xx_HAL_Driver/stm32f1xx_hal_cortex.o"
arm-none-eabi-gcc "C:/Users/crmar/STM32Cube/Repository/STM32Cube_FW_F1_V1.8.4/Drivers/STM32F1xx_HAL_Driver/Src/stm32f1xx_hal_dma.c" -mcpu=cortex-m3 -std=gnu11 -g3 -DDEBUG -DUSE_HAL_DRIVER -DSTM32F103xB -c -I../Core/Inc -IC:/Users/Kunal/STM32Cube/Repository/STM32Cube_FW_F1_V1.8.4/Drivers/STM32F1xx_HAL_Driver/Inc -IC:/Users/Kunal/STM32Cube/Repository/STM32Cube_FW_F1_V1.8.4/Drivers/STM32F1xx_HAL_Driver/Inc/Legacy -IC:/Users/Kunal/STM32Cube/Repository/STM32Cube_FW_F1_V1.8.4/Drivers/CMSIS/Device/ST/STM32F1xx/Include -IC:/Users/Kunal/STM32Cube/Repository/STM32Cube_FW_F1_V1.8.4/Drivers/CMSIS/Include -I"C:/Users/crmar/Accio_Fork/Accio_Fork_CAN_Node/Firmware/Core/CAN" -I"C:/Users/crmar/Accio_Fork/Accio_Fork_CAN_Node/Firmware/Core/Console" -I"C:/Users/crmar/Accio_Fork/Accio_Fork_CAN_Node/Firmware/Core/GPIO" -I"C:/Users/crmar/Accio_Fork/Accio_Fork_CAN_Node/Firmware/Core/TRX_Protocol" -O0 -ffunction-sections -fdata-sections -Wall -fstack-usage -MMD -MP -MF"Drivers/STM32F1xx_HAL_Driver/stm32f1xx_hal_dma.d" -MT"Drivers/STM32F1xx_HAL_Driver/stm32f1xx_hal_dma.o" --specs=nano.specs -mfloat-abi=soft -mthumb -o "Drivers/STM32F1xx_HAL_Driver/stm32f1xx_hal_dma.o"
arm-none-eabi-gcc "C:/Users/crmar/STM32Cube/Repository/STM32Cube_FW_F1_V1.8.4/Drivers/STM32F1xx_HAL_Driver/Src/stm32f1xx_hal_exti.c" -mcpu=cortex-m3 -std=gnu11 -g3 -DDEBUG -DUSE_HAL_DRIVER -DSTM32F103xB -c -I../Core/Inc -IC:/Users/Kunal/STM32Cube/Repository/STM32Cube_FW_F1_V1.8.4/Drivers/STM32F1xx_HAL_Driver/Inc -IC:/Users/Kunal/STM32Cube/Repository/STM32Cube_FW_F1_V1.8.4/Drivers/STM32F1xx_HAL_Driver/Inc/Legacy -IC:/Users/Kunal/STM32Cube/Repository/STM32Cube_FW_F1_V1.8.4/Drivers/CMSIS/Device/ST/STM32F1xx/Include -IC:/Users/Kunal/STM32Cube/Repository/STM32Cube_FW_F1_V1.8.4/Drivers/CMSIS/Include -I"C:/Users/crmar/Accio_Fork/Accio_Fork_CAN_Node/Firmware/Core/CAN" -I"C:/Users/crmar/Accio_Fork/Accio_Fork_CAN_Node/Firmware/Core/Console" -I"C:/Users/crmar/Accio_Fork/Accio_Fork_CAN_Node/Firmware/Core/GPIO" -I"C:/Users/crmar/Accio_Fork/Accio_Fork_CAN_Node/Firmware/Core/TRX_Protocol" -O0 -ffunction-sections -fdata-sections -Wall -fstack-usage -MMD -MP -MF"Drivers/STM32F1xx_HAL_Driver/stm32f1xx_hal_exti.d" -MT"Drivers/STM32F1xx_HAL_Driver/stm32f1xx_hal_exti.o" --specs=nano.specs -mfloat-abi=soft -mthumb -o "Drivers/STM32F1xx_HAL_Driver/stm32f1xx_hal_exti.o"
arm-none-eabi-gcc "C:/Users/crmar/STM32Cube/Repository/STM32Cube_FW_F1_V1.8.4/Drivers/STM32F1xx_HAL_Driver/Src/stm32f1xx_hal_flash.c" -mcpu=cortex-m3 -std=gnu11 -g3 -DDEBUG -DUSE_HAL_DRIVER -DSTM32F103xB -c -I../Core/Inc -IC:/Users/Kunal/STM32Cube/Repository/STM32Cube_FW_F1_V1.8.4/Drivers/STM32F1xx_HAL_Driver/Inc -IC:/Users/Kunal/STM32Cube/Repository/STM32Cube_FW_F1_V1.8.4/Drivers/STM32F1xx_HAL_Driver/Inc/Legacy -IC:/Users/Kunal/STM32Cube/Repository/STM32Cube_FW_F1_V1.8.4/Drivers/CMSIS/Device/ST/STM32F1xx/Include -IC:/Users/Kunal/STM32Cube/Repository/STM32Cube_FW_F1_V1.8.4/Drivers/CMSIS/Include -I"C:/Users/crmar/Accio_Fork/Accio_Fork_CAN_Node/Firmware/Core/CAN" -I"C:/Users/crmar/Accio_Fork/Accio_Fork_CAN_Node/Firmware/Core/Console" -I"C:/Users/crmar/Accio_Fork/Accio_Fork_CAN_Node/Firmware/Core/GPIO" -I"C:/Users/crmar/Accio_Fork/Accio_Fork_CAN_Node/Firmware/Core/TRX_Protocol" -O0 -ffunction-sections -fdata-sections -Wall -fstack-usage -MMD -MP -MF"Drivers/STM32F1xx_HAL_Driver/stm32f1xx_hal_flash.d" -MT"Drivers/STM32F1xx_HAL_Driver/stm32f1xx_hal_flash.o" --specs=nano.specs -mfloat-abi=soft -mthumb -o "Drivers/STM32F1xx_HAL_Driver/stm32f1xx_hal_flash.o"
arm-none-eabi-gcc "C:/Users/crmar/STM32Cube/Repository/STM32Cube_FW_F1_V1.8.4/Drivers/STM32F1xx_HAL_Driver/Src/stm32f1xx_hal_flash_ex.c" -mcpu=cortex-m3 -std=gnu11 -g3 -DDEBUG -DUSE_HAL_DRIVER -DSTM32F103xB -c -I../Core/Inc -IC:/Users/Kunal/STM32Cube/Repository/STM32Cube_FW_F1_V1.8.4/Drivers/STM32F1xx_HAL_Driver/Inc -IC:/Users/Kunal/STM32Cube/Repository/STM32Cube_FW_F1_V1.8.4/Drivers/STM32F1xx_HAL_Driver/Inc/Legacy -IC:/Users/Kunal/STM32Cube/Repository/STM32Cube_FW_F1_V1.8.4/Drivers/CMSIS/Device/ST/STM32F1xx/Include -IC:/Users/Kunal/STM32Cube/Repository/STM32Cube_FW_F1_V1.8.4/Drivers/CMSIS/Include -I"C:/Users/crmar/Accio_Fork/Accio_Fork_CAN_Node/Firmware/Core/CAN" -I"C:/Users/crmar/Accio_Fork/Accio_Fork_CAN_Node/Firmware/Core/Console" -I"C:/Users/crmar/Accio_Fork/Accio_Fork_CAN_Node/Firmware/Core/GPIO" -I"C:/Users/crmar/Accio_Fork/Accio_Fork_CAN_Node/Firmware/Core/TRX_Protocol" -O0 -ffunction-sections -fdata-sections -Wall -fstack-usage -MMD -MP -MF"Drivers/STM32F1xx_HAL_Driver/stm32f1xx_hal_flash_ex.d" -MT"Drivers/STM32F1xx_HAL_Driver/stm32f1xx_hal_flash_ex.o" --specs=nano.specs -mfloat-abi=soft -mthumb -o "Drivers/STM32F1xx_HAL_Driver/stm32f1xx_hal_flash_ex.o"
arm-none-eabi-gcc "C:/Users/crmar/STM32Cube/Repository/STM32Cube_FW_F1_V1.8.4/Drivers/STM32F1xx_HAL_Driver/Src/stm32f1xx_hal_gpio.c" -mcpu=cortex-m3 -std=gnu11 -g3 -DDEBUG -DUSE_HAL_DRIVER -DSTM32F103xB -c -I../Core/Inc -IC:/Users/Kunal/STM32Cube/Repository/STM32Cube_FW_F1_V1.8.4/Drivers/STM32F1xx_HAL_Driver/Inc -IC:/Users/Kunal/STM32Cube/Repository/STM32Cube_FW_F1_V1.8.4/Drivers/STM32F1xx_HAL_Driver/Inc/Legacy -IC:/Users/Kunal/STM32Cube/Repository/STM32Cube_FW_F1_V1.8.4/Drivers/CMSIS/Device/ST/STM32F1xx/Include -IC:/Users/Kunal/STM32Cube/Repository/STM32Cube_FW_F1_V1.8.4/Drivers/CMSIS/Include -I"C:/Users/crmar/Accio_Fork/Accio_Fork_CAN_Node/Firmware/Core/CAN" -I"C:/Users/crmar/Accio_Fork/Accio_Fork_CAN_Node/Firmware/Core/Console" -I"C:/Users/crmar/Accio_Fork/Accio_Fork_CAN_Node/Firmware/Core/GPIO" -I"C:/Users/crmar/Accio_Fork/Accio_Fork_CAN_Node/Firmware/Core/TRX_Protocol" -O0 -ffunction-sections -fdata-sections -Wall -fstack-usage -MMD -MP -MF"Drivers/STM32F1xx_HAL_Driver/stm32f1xx_hal_gpio.d" -MT"Drivers/STM32F1xx_HAL_Driver/stm32f1xx_hal_gpio.o" --specs=nano.specs -mfloat-abi=soft -mthumb -o "Drivers/STM32F1xx_HAL_Driver/stm32f1xx_hal_gpio.o"
arm-none-eabi-gcc "C:/Users/crmar/STM32Cube/Repository/STM32Cube_FW_F1_V1.8.4/Drivers/STM32F1xx_HAL_Driver/Src/stm32f1xx_hal_gpio_ex.c" -mcpu=cortex-m3 -std=gnu11 -g3 -DDEBUG -DUSE_HAL_DRIVER -DSTM32F103xB -c -I../Core/Inc -IC:/Users/Kunal/STM32Cube/Repository/STM32Cube_FW_F1_V1.8.4/Drivers/STM32F1xx_HAL_Driver/Inc -IC:/Users/Kunal/STM32Cube/Repository/STM32Cube_FW_F1_V1.8.4/Drivers/STM32F1xx_HAL_Driver/Inc/Legacy -IC:/Users/Kunal/STM32Cube/Repository/STM32Cube_FW_F1_V1.8.4/Drivers/CMSIS/Device/ST/STM32F1xx/Include -IC:/Users/Kunal/STM32Cube/Repository/STM32Cube_FW_F1_V1.8.4/Drivers/CMSIS/Include -I"C:/Users/crmar/Accio_Fork/Accio_Fork_CAN_Node/Firmware/Core/CAN" -I"C:/Users/crmar/Accio_Fork/Accio_Fork_CAN_Node/Firmware/Core/Console" -I"C:/Users/crmar/Accio_Fork/Accio_Fork_CAN_Node/Firmware/Core/GPIO" -I"C:/Users/crmar/Accio_Fork/Accio_Fork_CAN_Node/Firmware/Core/TRX_Protocol" -O0 -ffunction-sections -fdata-sections -Wall -fstack-usage -MMD -MP -MF"Drivers/STM32F1xx_HAL_Driver/stm32f1xx_hal_gpio_ex.d" -MT"Drivers/STM32F1xx_HAL_Driver/stm32f1xx_hal_gpio_ex.o" --specs=nano.specs -mfloat-abi=soft -mthumb -o "Drivers/STM32F1xx_HAL_Driver/stm32f1xx_hal_gpio_ex.o"
C:/Users/crmar/STM32Cube/Repository/STM32Cube_FW_F1_V1.8.4/Drivers/STM32F1xx_HAL_Driver/Src/stm32f1xx_hal_cortex.c:83:10: fatal error: stm32f1xx_hal.h: No such file or directory
   83 | #include "stm32f1xx_hal.h"
      |          ^~~~~~~~~~~~~~~~~
compilation terminated.
C:/Users/crmar/STM32Cube/Repository/STM32Cube_FW_F1_V1.8.4/Drivers/STM32F1xx_HAL_Driver/Src/stm32f1xx_hal.c:36:10: fatal error: stm32f1xx_hal.h: No such file or directory
   36 | #include "stm32f1xx_hal.h"
      |          ^~~~~~~~~~~~~~~~~
compilation terminated.
C:/Users/crmar/STM32Cube/Repository/STM32Cube_FW_F1_V1.8.4/Drivers/STM32F1xx_HAL_Driver/Src/stm32f1xx_hal_exti.c:87:10: fatal error: stm32f1xx_hal.h: No such file or directory
   87 | #include "stm32f1xx_hal.h"
      |          ^~~~~~~~~~~~~~~~~
compilation terminated.
C:/Users/crmar/STM32Cube/Repository/STM32Cube_FW_F1_V1.8.4/Drivers/STM32F1xx_HAL_Driver/Src/stm32f1xx_hal_dma.c:85:10: fatal error: stm32f1xx_hal.h: No such file or directory
   85 | #include "stm32f1xx_hal.h"
      |          ^~~~~~~~~~~~~~~~~
compilation terminated.
make: *** [Drivers/STM32F1xx_HAL_Driver/subdir.mk:63: Drivers/STM32F1xx_HAL_Driver/stm32f1xx_hal_cortex.o] Error 1
make: *** Waiting for unfinished jobs....
C:/Users/crmar/STM32Cube/Repository/STM32Cube_FW_F1_V1.8.4/Drivers/STM32F1xx_HAL_Driver/Src/stm32f1xx_hal_flash.c:85:10: fatal error: stm32f1xx_hal.h: No such file or directory
   85 | #include "stm32f1xx_hal.h"
      |          ^~~~~~~~~~~~~~~~~
compilation terminated.
C:/Users/crmar/STM32Cube/Repository/STM32Cube_FW_F1_V1.8.4/Drivers/STM32F1xx_HAL_Driver/Src/stm32f1xx_hal_flash_ex.c:43:10: fatal error: stm32f1xx_hal.h: No such file or directory
   43 | #include "stm32f1xx_hal.h"
      |          ^~~~~~~~~~~~~~~~~
compilation terminated.
C:/Users/crmar/STM32Cube/Repository/STM32Cube_FW_F1_V1.8.4/Drivers/STM32F1xx_HAL_Driver/Src/stm32f1xx_hal_gpio_ex.c:40:10: fatal error: stm32f1xx_hal.h: No such file or directory
   40 | #include "stm32f1xx_hal.h"
      |          ^~~~~~~~~~~~~~~~~
compilation terminated.
make: *** [Drivers/STM32F1xx_HAL_Driver/subdir.mk:61: Drivers/STM32F1xx_HAL_Driver/stm32f1xx_hal.o] Error 1
make: *** [Drivers/STM32F1xx_HAL_Driver/subdir.mk:65: Drivers/STM32F1xx_HAL_Driver/stm32f1xx_hal_dma.o] Error 1
make: *** [Drivers/STM32F1xx_HAL_Driver/subdir.mk:71: Drivers/STM32F1xx_HAL_Driver/stm32f1xx_hal_flash_ex.o] Error 1
make: *** [Drivers/STM32F1xx_HAL_Driver/subdir.mk:67: Drivers/STM32F1xx_HAL_Driver/stm32f1xx_hal_exti.o] Error 1
make: *** [Drivers/STM32F1xx_HAL_Driver/subdir.mk:69: Drivers/STM32F1xx_HAL_Driver/stm32f1xx_hal_flash.o] Error 1
make: *** [Drivers/STM32F1xx_HAL_Driver/subdir.mk:75: Drivers/STM32F1xx_HAL_Driver/stm32f1xx_hal_gpio_ex.o] Error 1
C:/Users/crmar/STM32Cube/Repository/STM32Cube_FW_F1_V1.8.4/Drivers/STM32F1xx_HAL_Driver/Src/stm32f1xx_hal_gpio.c:105:10: fatal error: stm32f1xx_hal.h: No such file or directory
  105 | #include "stm32f1xx_hal.h"
      |          ^~~~~~~~~~~~~~~~~
compilation terminated.
make: *** [Drivers/STM32F1xx_HAL_Driver/subdir.mk:73: Drivers/STM32F1xx_HAL_Driver/stm32f1xx_hal_gpio.o] Error 1
"make -j8 all" terminated with exit code 2. Build might be incomplete.

17:07:39 Build Failed. 17 errors, 0 warnings. (took 743ms)

